<?xml version="1.0" encoding="UTF-8"?>
<!-- Generated by org.testng.reporters.JUnitReportReporter -->
<testsuite hostname="LAPTOP-QFAA12TH" failures="0" tests="1" name="tests.HomePageTest" time="15.250" errors="0" timestamp="2020-08-04T21:30:56 IST" skipped="0">
  <testcase classname="tests.HomePageTest" name="validateMenu" time="15.250"/>
  <system-out/>
</testsuite> <!-- tests.HomePageTest -->
